<!DOCTYPE html PUBLIC "-//W3C//DTD XHTML 1.1//EN" "https://www.w3.org/TR/xhtml11/DTD/xhtml11.dtd">
<html xmlns="https://www.w3.org/1999/xhtml">
<head>
<meta http-equiv="content-type" content="text/html; charset=UTF-8"/>
<title>TestNG Report</title>
<style type="text/css">table {margin-bottom:10px;border-collapse:collapse;empty-cells:show}th,td {border:1px solid #009;padding:.25em .5em}th {vertical-align:bottom}td {vertical-align:top}table a {font-weight:bold}.stripe td {background-color: #E6EBF9}.num {text-align:right}.passedodd td {background-color: #3F3}.passedeven td {background-color: #0A0}.skippedodd td {background-color: #DDD}.skippedeven td {background-color: #CCC}.failedodd td,.attn {background-color: #F33}.failedeven td,.stripe .attn {background-color: #D00}.stacktrace {white-space:pre;font-family:monospace}.totop {font-size:85%;text-align:center;border-bottom:2px solid #000}.invisible {display:none}</style>
</head>
<body>
<table>
<tr><th>Test</th><th># Passed</th><th># Skipped</th><th># Retried</th><th># Failed</th><th>Time (ms)</th><th>Included Groups</th><th>Excluded Groups</th></tr>
<tr><th colspan="8">Surefire suite</th></tr>
<tr><td><a href="#t0">Surefire test</a></td><td class="num">0</td><td class="num attn">8</td><td class="num">0</td><td class="num attn">4</td><td class="num">48,269</td><td></td><td></td></tr>
</table>
<table id='summary'><thead><tr><th>Class</th><th>Method</th><th>Start</th><th>Time (ms)</th></tr></thead><tbody><tr><th colspan="4">Surefire suite</th></tr></tbody><tbody id="t0"><tr><th colspan="4">Surefire test &#8212; failed (configuration methods)</th></tr><tr class="failedeven"><td rowspan="1">UiRegressionTests.HybridTests.patientTests</td><td><a href="#m0">setup</a></td><td rowspan="1">1696333289369</td><td rowspan="1">375</td></tr><tr class="failedodd"><td rowspan="1">UiRegressionTests.WebTests.DoctorDashboradTests.SalutaDoctorDashboardTests.EventsTests</td><td><a href="#m1">setup</a></td><td rowspan="1">1696333337454</td><td rowspan="1">36</td></tr><tr class="failedeven"><td rowspan="1">UiRegressionTests.WebTests.DoctorDashboradTests.SalutaDoctorDashboardTests.MessagesTests</td><td><a href="#m2">setup</a></td><td rowspan="1">1696333337496</td><td rowspan="1">31</td></tr><tr class="failedodd"><td rowspan="1">UiRegressionTests.WebTests.DoctorDashboradTests.SalutaDoctorDashboardTests.SurveyTests</td><td><a href="#m3">setup</a></td><td rowspan="1">1696333337529</td><td rowspan="1">32</td></tr><tr class="failedeven"><td rowspan="1">UiRegressionTests.WebTests.SelfRegistrationTests.SalutaSelfRegistrationTests.SalutaSelfRegistrationTests</td><td><a href="#m4">setup</a></td><td rowspan="1">1696333337565</td><td rowspan="1">35</td></tr><tr><th colspan="4">Surefire test &#8212; failed</th></tr><tr class="failedeven"><td rowspan="1">UiRegressionTests.HybridTests.patientTests</td><td><a href="#m5">shouldVerifyValidationOfNewHyCarePatient</a></td><td rowspan="1">1696333289753</td><td rowspan="1">3</td></tr><tr class="failedodd"><td rowspan="3">UiRegressionTests.MobileTests.PatientTests</td><td><a href="#m6">existingHyCarePatientCanLoginSuccessfully</a></td><td rowspan="1">1696333306895</td><td rowspan="1">318</td></tr><tr class="failedodd"><td><a href="#m7">verifyThatCanLogoutSuccessfullyFromTheApp</a></td><td rowspan="1">1696333323358</td><td rowspan="1">296</td></tr><tr class="failedodd"><td><a href="#m8">verifyThatTheTermsAndConditionsIsExistInTheProfileTab</a></td><td rowspan="1">1696333337016</td><td rowspan="1">295</td></tr><tr><th colspan="4">Surefire test &#8212; skipped (configuration methods)</th></tr><tr class="skippedeven"><td rowspan="3">UiRegressionTests.HybridTests.patientTests</td><td><a href="#m9">setup</a></td><td rowspan="1">1696333289752</td><td rowspan="1">0</td></tr><tr class="skippedeven"><td><a href="#m10">tearDown</a></td><td rowspan="2">1696333289750</td><td rowspan="2">0</td></tr><tr class="skippedeven"><td><a href="#m11">tearDown</a></td></tr><tr class="skippedodd"><td rowspan="5">UiRegressionTests.WebTests.DoctorDashboradTests.SalutaDoctorDashboardTests.EventsTests</td><td><a href="#m12">setup</a></td><td rowspan="2">1696333337495</td><td rowspan="2">0</td></tr><tr class="skippedodd"><td><a href="#m13">setup</a></td></tr><tr class="skippedodd"><td><a href="#m14">tearDown</a></td><td rowspan="3">1696333337494</td><td rowspan="3">0</td></tr><tr class="skippedodd"><td><a href="#m15">tearDown</a></td></tr><tr class="skippedodd"><td><a href="#m16">tearDown</a></td></tr><tr class="skippedeven"><td rowspan="1">UiRegressionTests.WebTests.DoctorDashboradTests.SalutaDoctorDashboardTests.MessagesTests</td><td><a href="#m17">tearDown</a></td><td rowspan="1">1696333337528</td><td rowspan="1">0</td></tr><tr class="skippedodd"><td rowspan="1">UiRegressionTests.WebTests.DoctorDashboradTests.SalutaDoctorDashboardTests.SurveyTests</td><td><a href="#m18">tearDown</a></td><td rowspan="1">1696333337562</td><td rowspan="1">0</td></tr><tr class="skippedeven"><td rowspan="1">UiRegressionTests.WebTests.SelfRegistrationTests.SalutaSelfRegistrationTests.SalutaSelfRegistrationTests</td><td><a href="#m19">tearDown</a></td><td rowspan="1">1696333337600</td><td rowspan="1">0</td></tr><tr><th colspan="4">Surefire test &#8212; skipped</th></tr><tr class="skippedeven"><td rowspan="2">UiRegressionTests.HybridTests.patientTests</td><td><a href="#m20">shouldVerifyThatThePatientCanSeeDoctorMessages</a></td><td rowspan="1">1696333289749</td><td rowspan="1">1</td></tr><tr class="skippedeven"><td><a href="#m21">shouldVerifyThatThePatientCanSeeTheSurveyThatThedoctorSent</a></td><td rowspan="1">1696333289752</td><td rowspan="1">0</td></tr><tr class="skippedodd"><td rowspan="3">UiRegressionTests.WebTests.DoctorDashboradTests.SalutaDoctorDashboardTests.EventsTests</td><td><a href="#m22">shouldVerifyEventStatus</a></td><td rowspan="1">1696333337492</td><td rowspan="1">0</td></tr><tr class="skippedodd"><td><a href="#m23">shouldVerifyEventValidation</a></td><td rowspan="1">1696333337493</td><td rowspan="1">1</td></tr><tr class="skippedodd"><td><a href="#m24">shouldVerifyThatTheMonthlyWeeklyAndDailyViewsLookLikeTheyShouldBe</a></td><td rowspan="1">1696333337495</td><td rowspan="1">0</td></tr><tr class="skippedeven"><td rowspan="1">UiRegressionTests.WebTests.DoctorDashboradTests.SalutaDoctorDashboardTests.MessagesTests</td><td><a href="#m25">verifySendingMessageValidation</a></td><td rowspan="1">1696333337528</td><td rowspan="1">0</td></tr><tr class="skippedodd"><td rowspan="1">UiRegressionTests.WebTests.DoctorDashboradTests.SalutaDoctorDashboardTests.SurveyTests</td><td><a href="#m26">shouldVerifyThatTheSurveyIsSentToThePatientByTheDoctor</a></td><td rowspan="1">1696333337562</td><td rowspan="1">0</td></tr><tr class="skippedeven"><td rowspan="1">UiRegressionTests.WebTests.SelfRegistrationTests.SalutaSelfRegistrationTests.SalutaSelfRegistrationTests</td><td><a href="#m27">createPatient</a></td><td rowspan="1">1696333337600</td><td rowspan="1">0</td></tr></tbody>
</table>
<h2>Surefire test</h2><h3 id="m0">UiRegressionTests.HybridTests.patientTests#setup</h3><table class="result"><tr><th>Exception</th></tr><tr><td><div class="stacktrace">java.lang.NoSuchMethodError: org.openqa.selenium.chrome.ChromeDriverService$Builder.getLogOutput(Ljava/lang/String;)Ljava/io/OutputStream;
	at org.openqa.selenium.chrome.ChromeDriverService$Builder.createDriverService(ChromeDriverService.java:356)
	at org.openqa.selenium.chrome.ChromeDriverService$Builder.createDriverService(ChromeDriverService.java:160)
	at org.openqa.selenium.remote.service.DriverService$Builder.build(DriverService.java:498)
	at org.openqa.selenium.chrome.ChromeDriverService.createDefaultService(ChromeDriverService.java:156)
	at org.openqa.selenium.chrome.ChromeDriver.&lt;init&gt;(ChromeDriver.java:72)
	at UiRegressionTests.ChLoginBaseTest.setup(ChLoginBaseTest.java:23)
	at java.base/java.util.ArrayList.forEach(ArrayList.java:1541)
... Removed 36 stack frames</div></td></tr></table><p class="totop"><a href="#summary">back to summary</a></p>
<h3 id="m1">UiRegressionTests.WebTests.DoctorDashboradTests.SalutaDoctorDashboardTests.EventsTests#setup</h3><table class="result"><tr><th>Exception</th></tr><tr><td><div class="stacktrace">java.lang.NoSuchMethodError: org.openqa.selenium.chrome.ChromeDriverService$Builder.getLogOutput(Ljava/lang/String;)Ljava/io/OutputStream;
	at org.openqa.selenium.chrome.ChromeDriverService$Builder.createDriverService(ChromeDriverService.java:356)
	at org.openqa.selenium.chrome.ChromeDriverService$Builder.createDriverService(ChromeDriverService.java:160)
	at org.openqa.selenium.remote.service.DriverService$Builder.build(DriverService.java:498)
	at org.openqa.selenium.chrome.ChromeDriverService.createDefaultService(ChromeDriverService.java:156)
	at org.openqa.selenium.chrome.ChromeDriver.&lt;init&gt;(ChromeDriver.java:72)
	at UiRegressionTests.ChLoginBaseTest.setup(ChLoginBaseTest.java:23)
	at java.base/java.util.ArrayList.forEach(ArrayList.java:1541)
... Removed 36 stack frames</div></td></tr></table><p class="totop"><a href="#summary">back to summary</a></p>
<h3 id="m2">UiRegressionTests.WebTests.DoctorDashboradTests.SalutaDoctorDashboardTests.MessagesTests#setup</h3><table class="result"><tr><th>Exception</th></tr><tr><td><div class="stacktrace">java.lang.NoSuchMethodError: org.openqa.selenium.chrome.ChromeDriverService$Builder.getLogOutput(Ljava/lang/String;)Ljava/io/OutputStream;
	at org.openqa.selenium.chrome.ChromeDriverService$Builder.createDriverService(ChromeDriverService.java:356)
	at org.openqa.selenium.chrome.ChromeDriverService$Builder.createDriverService(ChromeDriverService.java:160)
	at org.openqa.selenium.remote.service.DriverService$Builder.build(DriverService.java:498)
	at org.openqa.selenium.chrome.ChromeDriverService.createDefaultService(ChromeDriverService.java:156)
	at org.openqa.selenium.chrome.ChromeDriver.&lt;init&gt;(ChromeDriver.java:72)
	at UiRegressionTests.ChLoginBaseTest.setup(ChLoginBaseTest.java:23)
	at java.base/java.util.ArrayList.forEach(ArrayList.java:1541)
... Removed 36 stack frames</div></td></tr></table><p class="totop"><a href="#summary">back to summary</a></p>
<h3 id="m3">UiRegressionTests.WebTests.DoctorDashboradTests.SalutaDoctorDashboardTests.SurveyTests#setup</h3><table class="result"><tr><th>Exception</th></tr><tr><td><div class="stacktrace">java.lang.NoSuchMethodError: org.openqa.selenium.chrome.ChromeDriverService$Builder.getLogOutput(Ljava/lang/String;)Ljava/io/OutputStream;
	at org.openqa.selenium.chrome.ChromeDriverService$Builder.createDriverService(ChromeDriverService.java:356)
	at org.openqa.selenium.chrome.ChromeDriverService$Builder.createDriverService(ChromeDriverService.java:160)
	at org.openqa.selenium.remote.service.DriverService$Builder.build(DriverService.java:498)
	at org.openqa.selenium.chrome.ChromeDriverService.createDefaultService(ChromeDriverService.java:156)
	at org.openqa.selenium.chrome.ChromeDriver.&lt;init&gt;(ChromeDriver.java:72)
	at UiRegressionTests.ChLoginBaseTest.setup(ChLoginBaseTest.java:23)
	at java.base/java.util.ArrayList.forEach(ArrayList.java:1541)
... Removed 36 stack frames</div></td></tr></table><p class="totop"><a href="#summary">back to summary</a></p>
<h3 id="m4">UiRegressionTests.WebTests.SelfRegistrationTests.SalutaSelfRegistrationTests.SalutaSelfRegistrationTests#setup</h3><table class="result"><tr><th>Exception</th></tr><tr><td><div class="stacktrace">java.lang.NoSuchMethodError: org.openqa.selenium.chrome.ChromeDriverService$Builder.getLogOutput(Ljava/lang/String;)Ljava/io/OutputStream;
	at org.openqa.selenium.chrome.ChromeDriverService$Builder.createDriverService(ChromeDriverService.java:356)
	at org.openqa.selenium.chrome.ChromeDriverService$Builder.createDriverService(ChromeDriverService.java:160)
	at org.openqa.selenium.remote.service.DriverService$Builder.build(DriverService.java:498)
	at org.openqa.selenium.chrome.ChromeDriverService.createDefaultService(ChromeDriverService.java:156)
	at org.openqa.selenium.chrome.ChromeDriver.&lt;init&gt;(ChromeDriver.java:72)
	at UiRegressionTests.SalutaBaseTest.setup(SalutaBaseTest.java:20)
	at java.base/java.util.ArrayList.forEach(ArrayList.java:1541)
... Removed 36 stack frames</div></td></tr></table><p class="totop"><a href="#summary">back to summary</a></p>
<h3 id="m5">UiRegressionTests.HybridTests.patientTests#shouldVerifyValidationOfNewHyCarePatient</h3><table class="result"><tr><th>Exception</th></tr><tr><td><div class="stacktrace">org.testng.internal.reflect.MethodMatcherException: 
[public void UiRegressionTests.HybridTests.patientTests.shouldVerifyValidationOfNewHyCarePatient(Entities.Patient,Entities.Doctor) throws java.net.MalformedURLException] has no parameters defined but was found to be using a data provider (either explicitly specified or inherited from class level annotation).
Data provider mismatch
Method: shouldVerifyValidationOfNewHyCarePatient([Entities.Patient arg0, Entities.Doctor arg1])
Arguments: [(Entities.Patient) Entities.Patient@611df6e3,(Entities.Admin) Entities.Admin@5f2f577,(Entities.Doctor) Entities.Doctor@6273c5a4]
	at java.base/java.util.ArrayList.forEach(ArrayList.java:1541)
... Removed 27 stack frames</div></td></tr></table><p class="totop"><a href="#summary">back to summary</a></p>
<h3 id="m6">UiRegressionTests.MobileTests.PatientTests#existingHyCarePatientCanLoginSuccessfully</h3><table class="result"><tr class="param"><th>Parameter #1</th></tr><tr class="param stripe"><td>Entities.Patient@17fa1336</td></tr><tr><th>Exception</th></tr><tr><td><div class="stacktrace">org.openqa.selenium.NoSuchElementException: An element could not be located on the page using the given search parameters.
For documentation on this error, please visit: https://www.selenium.dev/documentation/webdriver/troubleshooting/errors#no-such-element-exception
Build info: version: &apos;4.13.0&apos;, revision: &apos;ba948ece5b*&apos;
System info: os.name: &apos;Windows 10&apos;, os.arch: &apos;amd64&apos;, os.version: &apos;10.0&apos;, java.version: &apos;11.0.20&apos;
Driver info: io.appium.java_client.android.AndroidDriver
Command: [a2354503-74a3-4b2a-ac97-6c7b50406912, findElement {using=xpath, value=//android.view.ViewGroup[@content-desc=&quot;main&quot;]/android.view.ViewGroup/android.view.ViewGroup/android.view.ViewGroup/android.view.ViewGroup/android.view.ViewGroup/android.widget.FrameLayout/android.view.ViewGroup/android.view.ViewGroup/android.view.ViewGroup/android.view.ViewGroup/android.view.ViewGroup/android.view.ViewGroup/android.view.ViewGroup[3]/android.view.ViewGroup/android.widget.Button/android.widget.TextView}]
Capabilities {appium:appActivity: ch.health.docdok.MainActivity, appium:appPackage: ch.health.docdok, appium:databaseEnabled: false, appium:desired: {appActivity: ch.health.docdok.MainActivity, appPackage: ch.health.docdok, deviceName: emulator-5554, newCommandTimeout: 2000, platformName: ANDROID}, appium:deviceApiLevel: 31, appium:deviceManufacturer: Google, appium:deviceModel: sdk_gphone64_x86_64, appium:deviceName: emulator-5554, appium:deviceScreenDensity: 560, appium:deviceScreenSize: 1440x3040, appium:deviceUDID: emulator-5554, appium:javascriptEnabled: true, appium:locationContextEnabled: false, appium:networkConnectionEnabled: true, appium:newCommandTimeout: 2000, appium:pixelRatio: 3.5, appium:platformVersion: 12, appium:statBarHeight: 98, appium:takesScreenshot: true, appium:viewportRect: {height: 2774, left: 0, top: 98, width: 1440}, appium:warnings: {}, appium:webStorageEnabled: false, platformName: ANDROID}
Session ID: a2354503-74a3-4b2a-ac97-6c7b50406912
	at org.openqa.selenium.remote.codec.w3c.W3CHttpResponseCodec.createException(W3CHttpResponseCodec.java:200)
	at org.openqa.selenium.remote.codec.w3c.W3CHttpResponseCodec.decode(W3CHttpResponseCodec.java:133)
	at org.openqa.selenium.remote.codec.w3c.W3CHttpResponseCodec.decode(W3CHttpResponseCodec.java:52)
	at org.openqa.selenium.remote.HttpCommandExecutor.execute(HttpCommandExecutor.java:191)
	at io.appium.java_client.remote.AppiumCommandExecutor.execute(AppiumCommandExecutor.java:262)
	at org.openqa.selenium.remote.RemoteWebDriver.execute(RemoteWebDriver.java:602)
	at org.openqa.selenium.remote.ElementLocation$ElementFinder$2.findElement(ElementLocation.java:165)
	at org.openqa.selenium.remote.ElementLocation.findElement(ElementLocation.java:59)
	at org.openqa.selenium.remote.RemoteWebDriver.findElement(RemoteWebDriver.java:359)
	at org.openqa.selenium.remote.RemoteWebDriver.findElement(RemoteWebDriver.java:353)
	at PageObjects.Mobile.MobileHomePage.fillUserNameAndPasswordForAnExistingPatient(MobileHomePage.java:36)
	at UiRegressionTests.MobileTests.PatientTests.existingHyCarePatientCanLoginSuccessfully(PatientTests.java:13)
	at java.base/java.util.ArrayList.forEach(ArrayList.java:1541)
... Removed 36 stack frames</div></td></tr></table><p class="totop"><a href="#summary">back to summary</a></p>
<h3 id="m7">UiRegressionTests.MobileTests.PatientTests#verifyThatCanLogoutSuccessfullyFromTheApp</h3><table class="result"><tr class="param"><th>Parameter #1</th></tr><tr class="param stripe"><td>Entities.Patient@68b9834c</td></tr><tr><th>Exception</th></tr><tr><td><div class="stacktrace">org.openqa.selenium.NoSuchElementException: An element could not be located on the page using the given search parameters.
For documentation on this error, please visit: https://www.selenium.dev/documentation/webdriver/troubleshooting/errors#no-such-element-exception
Build info: version: &apos;4.13.0&apos;, revision: &apos;ba948ece5b*&apos;
System info: os.name: &apos;Windows 10&apos;, os.arch: &apos;amd64&apos;, os.version: &apos;10.0&apos;, java.version: &apos;11.0.20&apos;
Driver info: io.appium.java_client.android.AndroidDriver
Command: [0289179d-53e9-4032-8e4c-87de7ccdbffc, findElement {using=xpath, value=//android.view.ViewGroup[@content-desc=&quot;main&quot;]/android.view.ViewGroup/android.view.ViewGroup/android.view.ViewGroup/android.view.ViewGroup/android.view.ViewGroup/android.widget.FrameLayout/android.view.ViewGroup/android.view.ViewGroup/android.view.ViewGroup/android.view.ViewGroup/android.view.ViewGroup/android.view.ViewGroup/android.view.ViewGroup[3]/android.view.ViewGroup/android.widget.Button/android.widget.TextView}]
Capabilities {appium:appActivity: ch.health.docdok.MainActivity, appium:appPackage: ch.health.docdok, appium:databaseEnabled: false, appium:desired: {appActivity: ch.health.docdok.MainActivity, appPackage: ch.health.docdok, deviceName: emulator-5554, newCommandTimeout: 2000, platformName: ANDROID}, appium:deviceApiLevel: 31, appium:deviceManufacturer: Google, appium:deviceModel: sdk_gphone64_x86_64, appium:deviceName: emulator-5554, appium:deviceScreenDensity: 560, appium:deviceScreenSize: 1440x3040, appium:deviceUDID: emulator-5554, appium:javascriptEnabled: true, appium:locationContextEnabled: false, appium:networkConnectionEnabled: true, appium:newCommandTimeout: 2000, appium:pixelRatio: 3.5, appium:platformVersion: 12, appium:statBarHeight: 98, appium:takesScreenshot: true, appium:viewportRect: {height: 2774, left: 0, top: 98, width: 1440}, appium:warnings: {}, appium:webStorageEnabled: false, platformName: ANDROID}
Session ID: 0289179d-53e9-4032-8e4c-87de7ccdbffc
	at org.openqa.selenium.remote.codec.w3c.W3CHttpResponseCodec.createException(W3CHttpResponseCodec.java:200)
	at org.openqa.selenium.remote.codec.w3c.W3CHttpResponseCodec.decode(W3CHttpResponseCodec.java:133)
	at org.openqa.selenium.remote.codec.w3c.W3CHttpResponseCodec.decode(W3CHttpResponseCodec.java:52)
	at org.openqa.selenium.remote.HttpCommandExecutor.execute(HttpCommandExecutor.java:191)
	at io.appium.java_client.remote.AppiumCommandExecutor.execute(AppiumCommandExecutor.java:262)
	at org.openqa.selenium.remote.RemoteWebDriver.execute(RemoteWebDriver.java:602)
	at org.openqa.selenium.remote.ElementLocation$ElementFinder$2.findElement(ElementLocation.java:165)
	at org.openqa.selenium.remote.ElementLocation.findElement(ElementLocation.java:59)
	at org.openqa.selenium.remote.RemoteWebDriver.findElement(RemoteWebDriver.java:359)
	at org.openqa.selenium.remote.RemoteWebDriver.findElement(RemoteWebDriver.java:353)
	at PageObjects.Mobile.MobileHomePage.fillUserNameAndPasswordForAnExistingPatient(MobileHomePage.java:36)
	at UiRegressionTests.MobileTests.PatientTests.verifyThatCanLogoutSuccessfullyFromTheApp(PatientTests.java:29)
	at java.base/java.util.ArrayList.forEach(ArrayList.java:1541)
... Removed 36 stack frames</div></td></tr></table><p class="totop"><a href="#summary">back to summary</a></p>
<h3 id="m8">UiRegressionTests.MobileTests.PatientTests#verifyThatTheTermsAndConditionsIsExistInTheProfileTab</h3><table class="result"><tr class="param"><th>Parameter #1</th></tr><tr class="param stripe"><td>Entities.Patient@4228bf58</td></tr><tr><th>Exception</th></tr><tr><td><div class="stacktrace">org.openqa.selenium.NoSuchElementException: An element could not be located on the page using the given search parameters.
For documentation on this error, please visit: https://www.selenium.dev/documentation/webdriver/troubleshooting/errors#no-such-element-exception
Build info: version: &apos;4.13.0&apos;, revision: &apos;ba948ece5b*&apos;
System info: os.name: &apos;Windows 10&apos;, os.arch: &apos;amd64&apos;, os.version: &apos;10.0&apos;, java.version: &apos;11.0.20&apos;
Driver info: io.appium.java_client.android.AndroidDriver
Command: [2be01864-8849-4f4e-875b-15cd0a873555, findElement {using=xpath, value=//android.view.ViewGroup[@content-desc=&quot;main&quot;]/android.view.ViewGroup/android.view.ViewGroup/android.view.ViewGroup/android.view.ViewGroup/android.view.ViewGroup/android.widget.FrameLayout/android.view.ViewGroup/android.view.ViewGroup/android.view.ViewGroup/android.view.ViewGroup/android.view.ViewGroup/android.view.ViewGroup/android.view.ViewGroup[3]/android.view.ViewGroup/android.widget.Button/android.widget.TextView}]
Capabilities {appium:appActivity: ch.health.docdok.MainActivity, appium:appPackage: ch.health.docdok, appium:databaseEnabled: false, appium:desired: {appActivity: ch.health.docdok.MainActivity, appPackage: ch.health.docdok, deviceName: emulator-5554, newCommandTimeout: 2000, platformName: ANDROID}, appium:deviceApiLevel: 31, appium:deviceManufacturer: Google, appium:deviceModel: sdk_gphone64_x86_64, appium:deviceName: emulator-5554, appium:deviceScreenDensity: 560, appium:deviceScreenSize: 1440x3040, appium:deviceUDID: emulator-5554, appium:javascriptEnabled: true, appium:locationContextEnabled: false, appium:networkConnectionEnabled: true, appium:newCommandTimeout: 2000, appium:pixelRatio: 3.5, appium:platformVersion: 12, appium:statBarHeight: 98, appium:takesScreenshot: true, appium:viewportRect: {height: 2774, left: 0, top: 98, width: 1440}, appium:warnings: {}, appium:webStorageEnabled: false, platformName: ANDROID}
Session ID: 2be01864-8849-4f4e-875b-15cd0a873555
	at org.openqa.selenium.remote.codec.w3c.W3CHttpResponseCodec.createException(W3CHttpResponseCodec.java:200)
	at org.openqa.selenium.remote.codec.w3c.W3CHttpResponseCodec.decode(W3CHttpResponseCodec.java:133)
	at org.openqa.selenium.remote.codec.w3c.W3CHttpResponseCodec.decode(W3CHttpResponseCodec.java:52)
	at org.openqa.selenium.remote.HttpCommandExecutor.execute(HttpCommandExecutor.java:191)
	at io.appium.java_client.remote.AppiumCommandExecutor.execute(AppiumCommandExecutor.java:262)
	at org.openqa.selenium.remote.RemoteWebDriver.execute(RemoteWebDriver.java:602)
	at org.openqa.selenium.remote.ElementLocation$ElementFinder$2.findElement(ElementLocation.java:165)
	at org.openqa.selenium.remote.ElementLocation.findElement(ElementLocation.java:59)
	at org.openqa.selenium.remote.RemoteWebDriver.findElement(RemoteWebDriver.java:359)
	at org.openqa.selenium.remote.RemoteWebDriver.findElement(RemoteWebDriver.java:353)
	at PageObjects.Mobile.MobileHomePage.fillUserNameAndPasswordForAnExistingPatient(MobileHomePage.java:36)
	at UiRegressionTests.MobileTests.PatientTests.verifyThatTheTermsAndConditionsIsExistInTheProfileTab(PatientTests.java:22)
	at java.base/java.util.ArrayList.forEach(ArrayList.java:1541)
... Removed 36 stack frames</div></td></tr></table><p class="totop"><a href="#summary">back to summary</a></p>
<h3 id="m9">UiRegressionTests.HybridTests.patientTests#setup</h3><table class="result"><tr><th class="invisible"/></tr></table><p class="totop"><a href="#summary">back to summary</a></p>
<h3 id="m10">UiRegressionTests.HybridTests.patientTests#tearDown</h3><table class="result"><tr><th class="invisible"/></tr></table><p class="totop"><a href="#summary">back to summary</a></p>
<h3 id="m11">UiRegressionTests.HybridTests.patientTests#tearDown</h3><table class="result"><tr><th class="invisible"/></tr></table><p class="totop"><a href="#summary">back to summary</a></p>
<h3 id="m12">UiRegressionTests.WebTests.DoctorDashboradTests.SalutaDoctorDashboardTests.EventsTests#setup</h3><table class="result"><tr><th class="invisible"/></tr></table><p class="totop"><a href="#summary">back to summary</a></p>
<h3 id="m13">UiRegressionTests.WebTests.DoctorDashboradTests.SalutaDoctorDashboardTests.EventsTests#setup</h3><table class="result"><tr><th class="invisible"/></tr></table><p class="totop"><a href="#summary">back to summary</a></p>
<h3 id="m14">UiRegressionTests.WebTests.DoctorDashboradTests.SalutaDoctorDashboardTests.EventsTests#tearDown</h3><table class="result"><tr><th class="invisible"/></tr></table><p class="totop"><a href="#summary">back to summary</a></p>
<h3 id="m15">UiRegressionTests.WebTests.DoctorDashboradTests.SalutaDoctorDashboardTests.EventsTests#tearDown</h3><table class="result"><tr><th class="invisible"/></tr></table><p class="totop"><a href="#summary">back to summary</a></p>
<h3 id="m16">UiRegressionTests.WebTests.DoctorDashboradTests.SalutaDoctorDashboardTests.EventsTests#tearDown</h3><table class="result"><tr><th class="invisible"/></tr></table><p class="totop"><a href="#summary">back to summary</a></p>
<h3 id="m17">UiRegressionTests.WebTests.DoctorDashboradTests.SalutaDoctorDashboardTests.MessagesTests#tearDown</h3><table class="result"><tr><th class="invisible"/></tr></table><p class="totop"><a href="#summary">back to summary</a></p>
<h3 id="m18">UiRegressionTests.WebTests.DoctorDashboradTests.SalutaDoctorDashboardTests.SurveyTests#tearDown</h3><table class="result"><tr><th class="invisible"/></tr></table><p class="totop"><a href="#summary">back to summary</a></p>
<h3 id="m19">UiRegressionTests.WebTests.SelfRegistrationTests.SalutaSelfRegistrationTests.SalutaSelfRegistrationTests#tearDown</h3><table class="result"><tr><th class="invisible"/></tr></table><p class="totop"><a href="#summary">back to summary</a></p>
<h3 id="m20">UiRegressionTests.HybridTests.patientTests#shouldVerifyThatThePatientCanSeeDoctorMessages</h3><table class="result"><tr class="param"><th>Parameter #1</th><th>Parameter #2</th></tr><tr class="param stripe"><td>Entities.Patient@4f89331f</td><td>Entities.Doctor@618ff5c2</td></tr><tr><th colspan="2">Exception</th></tr><tr><td colspan="2"><div class="stacktrace">java.lang.NoSuchMethodError: org.openqa.selenium.chrome.ChromeDriverService$Builder.getLogOutput(Ljava/lang/String;)Ljava/io/OutputStream;
	at org.openqa.selenium.chrome.ChromeDriverService$Builder.createDriverService(ChromeDriverService.java:356)
	at org.openqa.selenium.chrome.ChromeDriverService$Builder.createDriverService(ChromeDriverService.java:160)
	at org.openqa.selenium.remote.service.DriverService$Builder.build(DriverService.java:498)
	at org.openqa.selenium.chrome.ChromeDriverService.createDefaultService(ChromeDriverService.java:156)
	at org.openqa.selenium.chrome.ChromeDriver.&lt;init&gt;(ChromeDriver.java:72)
	at UiRegressionTests.ChLoginBaseTest.setup(ChLoginBaseTest.java:23)
	at java.base/java.util.ArrayList.forEach(ArrayList.java:1541)
... Removed 36 stack frames</div></td></tr></table><p class="totop"><a href="#summary">back to summary</a></p>
<h3 id="m21">UiRegressionTests.HybridTests.patientTests#shouldVerifyThatThePatientCanSeeTheSurveyThatThedoctorSent</h3><table class="result"><tr class="param"><th>Parameter #1</th><th>Parameter #2</th></tr><tr class="param stripe"><td>Entities.Patient@20b9d5d5</td><td>Entities.Doctor@671d1157</td></tr><tr><th colspan="2">Exception</th></tr><tr><td colspan="2"><div class="stacktrace">java.lang.NoSuchMethodError: org.openqa.selenium.chrome.ChromeDriverService$Builder.getLogOutput(Ljava/lang/String;)Ljava/io/OutputStream;
	at org.openqa.selenium.chrome.ChromeDriverService$Builder.createDriverService(ChromeDriverService.java:356)
	at org.openqa.selenium.chrome.ChromeDriverService$Builder.createDriverService(ChromeDriverService.java:160)
	at org.openqa.selenium.remote.service.DriverService$Builder.build(DriverService.java:498)
	at org.openqa.selenium.chrome.ChromeDriverService.createDefaultService(ChromeDriverService.java:156)
	at org.openqa.selenium.chrome.ChromeDriver.&lt;init&gt;(ChromeDriver.java:72)
	at UiRegressionTests.ChLoginBaseTest.setup(ChLoginBaseTest.java:23)
	at java.base/java.util.ArrayList.forEach(ArrayList.java:1541)
... Removed 36 stack frames</div></td></tr></table><p class="totop"><a href="#summary">back to summary</a></p>
<h3 id="m22">UiRegressionTests.WebTests.DoctorDashboradTests.SalutaDoctorDashboardTests.EventsTests#shouldVerifyEventStatus</h3><table class="result"><tr class="param"><th>Parameter #1</th><th>Parameter #2</th></tr><tr class="param stripe"><td>Entities.Doctor@16727bf0</td><td>Entities.Patient@2f84acf7</td></tr><tr><th colspan="2">Exception</th></tr><tr><td colspan="2"><div class="stacktrace">java.lang.NoSuchMethodError: org.openqa.selenium.chrome.ChromeDriverService$Builder.getLogOutput(Ljava/lang/String;)Ljava/io/OutputStream;
	at org.openqa.selenium.chrome.ChromeDriverService$Builder.createDriverService(ChromeDriverService.java:356)
	at org.openqa.selenium.chrome.ChromeDriverService$Builder.createDriverService(ChromeDriverService.java:160)
	at org.openqa.selenium.remote.service.DriverService$Builder.build(DriverService.java:498)
	at org.openqa.selenium.chrome.ChromeDriverService.createDefaultService(ChromeDriverService.java:156)
	at org.openqa.selenium.chrome.ChromeDriver.&lt;init&gt;(ChromeDriver.java:72)
	at UiRegressionTests.ChLoginBaseTest.setup(ChLoginBaseTest.java:23)
	at java.base/java.util.ArrayList.forEach(ArrayList.java:1541)
... Removed 36 stack frames</div></td></tr></table><p class="totop"><a href="#summary">back to summary</a></p>
<h3 id="m23">UiRegressionTests.WebTests.DoctorDashboradTests.SalutaDoctorDashboardTests.EventsTests#shouldVerifyEventValidation</h3><table class="result"><tr class="param"><th>Parameter #1</th><th>Parameter #2</th></tr><tr class="param stripe"><td>Entities.Doctor@c755b2</td><td>Entities.Patient@3bd2af5b</td></tr><tr><th colspan="2">Exception</th></tr><tr><td colspan="2"><div class="stacktrace">java.lang.NoSuchMethodError: org.openqa.selenium.chrome.ChromeDriverService$Builder.getLogOutput(Ljava/lang/String;)Ljava/io/OutputStream;
	at org.openqa.selenium.chrome.ChromeDriverService$Builder.createDriverService(ChromeDriverService.java:356)
	at org.openqa.selenium.chrome.ChromeDriverService$Builder.createDriverService(ChromeDriverService.java:160)
	at org.openqa.selenium.remote.service.DriverService$Builder.build(DriverService.java:498)
	at org.openqa.selenium.chrome.ChromeDriverService.createDefaultService(ChromeDriverService.java:156)
	at org.openqa.selenium.chrome.ChromeDriver.&lt;init&gt;(ChromeDriver.java:72)
	at UiRegressionTests.ChLoginBaseTest.setup(ChLoginBaseTest.java:23)
	at java.base/java.util.ArrayList.forEach(ArrayList.java:1541)
... Removed 36 stack frames</div></td></tr></table><p class="totop"><a href="#summary">back to summary</a></p>
<h3 id="m24">UiRegressionTests.WebTests.DoctorDashboradTests.SalutaDoctorDashboardTests.EventsTests#shouldVerifyThatTheMonthlyWeeklyAndDailyViewsLookLikeTheyShouldBe</h3><table class="result"><tr class="param"><th>Parameter #1</th><th>Parameter #2</th></tr><tr class="param stripe"><td>Entities.Doctor@291373d3</td><td>Entities.Patient@372ca2d6</td></tr><tr><th colspan="2">Exception</th></tr><tr><td colspan="2"><div class="stacktrace">java.lang.NoSuchMethodError: org.openqa.selenium.chrome.ChromeDriverService$Builder.getLogOutput(Ljava/lang/String;)Ljava/io/OutputStream;
	at org.openqa.selenium.chrome.ChromeDriverService$Builder.createDriverService(ChromeDriverService.java:356)
	at org.openqa.selenium.chrome.ChromeDriverService$Builder.createDriverService(ChromeDriverService.java:160)
	at org.openqa.selenium.remote.service.DriverService$Builder.build(DriverService.java:498)
	at org.openqa.selenium.chrome.ChromeDriverService.createDefaultService(ChromeDriverService.java:156)
	at org.openqa.selenium.chrome.ChromeDriver.&lt;init&gt;(ChromeDriver.java:72)
	at UiRegressionTests.ChLoginBaseTest.setup(ChLoginBaseTest.java:23)
	at java.base/java.util.ArrayList.forEach(ArrayList.java:1541)
... Removed 36 stack frames</div></td></tr></table><p class="totop"><a href="#summary">back to summary</a></p>
<h3 id="m25">UiRegressionTests.WebTests.DoctorDashboradTests.SalutaDoctorDashboardTests.MessagesTests#verifySendingMessageValidation</h3><table class="result"><tr class="param"><th>Parameter #1</th><th>Parameter #2</th></tr><tr class="param stripe"><td>Entities.Doctor@60c8a093</td><td>Entities.Patient@44cffc25</td></tr><tr><th colspan="2">Exception</th></tr><tr><td colspan="2"><div class="stacktrace">java.lang.NoSuchMethodError: org.openqa.selenium.chrome.ChromeDriverService$Builder.getLogOutput(Ljava/lang/String;)Ljava/io/OutputStream;
	at org.openqa.selenium.chrome.ChromeDriverService$Builder.createDriverService(ChromeDriverService.java:356)
	at org.openqa.selenium.chrome.ChromeDriverService$Builder.createDriverService(ChromeDriverService.java:160)
	at org.openqa.selenium.remote.service.DriverService$Builder.build(DriverService.java:498)
	at org.openqa.selenium.chrome.ChromeDriverService.createDefaultService(ChromeDriverService.java:156)
	at org.openqa.selenium.chrome.ChromeDriver.&lt;init&gt;(ChromeDriver.java:72)
	at UiRegressionTests.ChLoginBaseTest.setup(ChLoginBaseTest.java:23)
	at java.base/java.util.ArrayList.forEach(ArrayList.java:1541)
... Removed 36 stack frames</div></td></tr></table><p class="totop"><a href="#summary">back to summary</a></p>
<h3 id="m26">UiRegressionTests.WebTests.DoctorDashboradTests.SalutaDoctorDashboardTests.SurveyTests#shouldVerifyThatTheSurveyIsSentToThePatientByTheDoctor</h3><table class="result"><tr class="param"><th>Parameter #1</th><th>Parameter #2</th></tr><tr class="param stripe"><td>Entities.Doctor@2a369e14</td><td>Entities.Patient@25aeb5ac</td></tr><tr><th colspan="2">Exception</th></tr><tr><td colspan="2"><div class="stacktrace">java.lang.NoSuchMethodError: org.openqa.selenium.chrome.ChromeDriverService$Builder.getLogOutput(Ljava/lang/String;)Ljava/io/OutputStream;
	at org.openqa.selenium.chrome.ChromeDriverService$Builder.createDriverService(ChromeDriverService.java:356)
	at org.openqa.selenium.chrome.ChromeDriverService$Builder.createDriverService(ChromeDriverService.java:160)
	at org.openqa.selenium.remote.service.DriverService$Builder.build(DriverService.java:498)
	at org.openqa.selenium.chrome.ChromeDriverService.createDefaultService(ChromeDriverService.java:156)
	at org.openqa.selenium.chrome.ChromeDriver.&lt;init&gt;(ChromeDriver.java:72)
	at UiRegressionTests.ChLoginBaseTest.setup(ChLoginBaseTest.java:23)
	at java.base/java.util.ArrayList.forEach(ArrayList.java:1541)
... Removed 36 stack frames</div></td></tr></table><p class="totop"><a href="#summary">back to summary</a></p>
<h3 id="m27">UiRegressionTests.WebTests.SelfRegistrationTests.SalutaSelfRegistrationTests.SalutaSelfRegistrationTests#createPatient</h3><table class="result"><tr class="param"><th>Parameter #1</th><th>Parameter #2</th></tr><tr class="param stripe"><td>Entities.Patient@250a500b</td><td>Entities.Admin@75d982d3</td></tr><tr><th colspan="2">Exception</th></tr><tr><td colspan="2"><div class="stacktrace">java.lang.NoSuchMethodError: org.openqa.selenium.chrome.ChromeDriverService$Builder.getLogOutput(Ljava/lang/String;)Ljava/io/OutputStream;
	at org.openqa.selenium.chrome.ChromeDriverService$Builder.createDriverService(ChromeDriverService.java:356)
	at org.openqa.selenium.chrome.ChromeDriverService$Builder.createDriverService(ChromeDriverService.java:160)
	at org.openqa.selenium.remote.service.DriverService$Builder.build(DriverService.java:498)
	at org.openqa.selenium.chrome.ChromeDriverService.createDefaultService(ChromeDriverService.java:156)
	at org.openqa.selenium.chrome.ChromeDriver.&lt;init&gt;(ChromeDriver.java:72)
	at UiRegressionTests.SalutaBaseTest.setup(SalutaBaseTest.java:20)
	at java.base/java.util.ArrayList.forEach(ArrayList.java:1541)
... Removed 36 stack frames</div></td></tr></table><p class="totop"><a href="#summary">back to summary</a></p>
</body>
</html>
