<!DOCTYPE html>
<!--
 | Generated by Apache Maven Doxia Site Renderer 1.11.1 at 2023-12-14

 | Rendered using Apache Maven Default Skin
-->
<html xmlns="http://www.w3.org/1999/xhtml" xml:lang="en" lang="en">
  <head>
    <meta charset="UTF-8" />
    <meta name="viewport" content="width=device-width, initial-scale=1.0" />
    <meta name="generator" content="Apache Maven Doxia Site Renderer 1.11.1" />
    <title>Docdok &#x2013; Surefire Report</title>
    <link rel="stylesheet" href="./css/maven-base.css" />
    <link rel="stylesheet" href="./css/maven-theme.css" />
    <link rel="stylesheet" href="./css/site.css" />
    <link rel="stylesheet" href="./css/print.css" media="print" />
  </head>
  <body class="composite">
    <div id="banner">
      <div class="clear">
        <hr/>
      </div>
    </div>
    <div id="breadcrumbs">
      <div class="xleft">
        <span id="publishDate">Last Published: 2023-12-14</span>
           | <span id="projectVersion">Version: 1.0-SNAPSHOT</span>
      </div>
      <div class="xright">      </div>
      <div class="clear">
        <hr/>
      </div>
    </div>
    <div id="leftColumn">
      <div id="navcolumn">
      <a href="http://maven.apache.org/" title="Built by Maven" class="poweredBy">
        <img class="poweredBy" alt="Built by Maven" src="./images/logos/maven-feather.png" />
      </a>
      </div>
    </div>
    <div id="bodyColumn">
      <div id="contentBox">
<script type="text/javascript">
function toggleDisplay(elementId) {
 var elm = document.getElementById(elementId + '-error');
 if (elm == null) {
  elm = document.getElementById(elementId + '-failure');
 }
 if (elm && typeof elm.style != "undefined") {
  if (elm.style.display == "none") {
   elm.style.display = "";
   document.getElementById(elementId + '-off').style.display = "none";
   document.getElementById(elementId + '-on').style.display = "inline";
  } else if (elm.style.display == "") {   elm.style.display = "none";
   document.getElementById(elementId + '-off').style.display = "inline";
   document.getElementById(elementId + '-on').style.display = "none";
  }
 }
 }</script><section>
<h2><a name="Surefire_Report"></a>Surefire Report</h2></section><section><a id="Summary"></a>
<h2><a name="Summary"></a>Summary</h2>
<p>[<a href="#Summary">Summary</a>] [<a href="#Package_List">Package List</a>] [<a href="#Test_Cases">Test Cases</a>]</p><br />
<table border="0" class="bodyTable">
<tr class="a">
<th>Tests</th>
<th>Errors</th>
<th>Failures</th>
<th>Skipped</th>
<th>Success Rate</th>
<th>Time</th></tr>
<tr class="b">
<td align="left">2</td>
<td>0</td>
<td>2</td>
<td>0</td>
<td>0%</td>
<td>0.078 s</td></tr></table><br />
<p>Note: failures are anticipated and checked for with assertions while errors are unanticipated.</p><br /></section><section><a id="Package_List"></a>
<h2><a name="Package_List"></a>Package List</h2>
<p>[<a href="#Summary">Summary</a>] [<a href="#Package_List">Package List</a>] [<a href="#Test_Cases">Test Cases</a>]</p><br />
<table border="0" class="bodyTable">
<tr class="a">
<th>Package</th>
<th>Tests</th>
<th>Errors</th>
<th>Failures</th>
<th>Skipped</th>
<th>Success Rate</th>
<th>Time</th></tr>
<tr class="b">
<td align="left"><a href="#UiRegressionTests.WebTests.DoctorDashboradTests.HyCareDoctorDashboardTests">UiRegressionTests.WebTests.DoctorDashboradTests.HyCareDoctorDashboardTests</a></td>
<td>1</td>
<td>0</td>
<td>1</td>
<td>0</td>
<td>0%</td>
<td>0.047 s</td></tr>
<tr class="a">
<td align="left"><a href="#UiRegressionTests.WebTests.DoctorDashboradTests.SalutaDoctorDashboardTests">UiRegressionTests.WebTests.DoctorDashboradTests.SalutaDoctorDashboardTests</a></td>
<td>1</td>
<td>0</td>
<td>1</td>
<td>0</td>
<td>0%</td>
<td>0.031 s</td></tr></table><br />
<p>Note: package statistics are not computed recursively, they only sum up all of its testsuites numbers.</p><section><a id="UiRegressionTests.WebTests.DoctorDashboradTests.HyCareDoctorDashboardTests"></a>
<h3><a name="UiRegressionTests.WebTests.DoctorDashboradTests.HyCareDoctorDashboardTests"></a>UiRegressionTests.WebTests.DoctorDashboradTests.HyCareDoctorDashboardTests</h3>
<table border="0" class="bodyTable">
<tr class="a">
<th>-</th>
<th>Class</th>
<th>Tests</th>
<th>Errors</th>
<th>Failures</th>
<th>Skipped</th>
<th>Success Rate</th>
<th>Time</th></tr>
<tr class="b">
<td align="left"><a href="#UiRegressionTests.WebTests.DoctorDashboradTests.HyCareDoctorDashboardTests.createPatient"><img src="images/icon_warning_sml.gif" alt="" /></a></td>
<td><a href="#UiRegressionTests.WebTests.DoctorDashboradTests.HyCareDoctorDashboardTests.createPatient">createPatient</a></td>
<td>1</td>
<td>0</td>
<td>1</td>
<td>0</td>
<td>0%</td>
<td>0.047 s</td></tr></table></section><section><a id="UiRegressionTests.WebTests.DoctorDashboradTests.SalutaDoctorDashboardTests"></a>
<h3><a name="UiRegressionTests.WebTests.DoctorDashboradTests.SalutaDoctorDashboardTests"></a>UiRegressionTests.WebTests.DoctorDashboradTests.SalutaDoctorDashboardTests</h3>
<table border="0" class="bodyTable">
<tr class="a">
<th>-</th>
<th>Class</th>
<th>Tests</th>
<th>Errors</th>
<th>Failures</th>
<th>Skipped</th>
<th>Success Rate</th>
<th>Time</th></tr>
<tr class="b">
<td align="left"><a href="#UiRegressionTests.WebTests.DoctorDashboradTests.SalutaDoctorDashboardTests.createPatient"><img src="images/icon_warning_sml.gif" alt="" /></a></td>
<td><a href="#UiRegressionTests.WebTests.DoctorDashboradTests.SalutaDoctorDashboardTests.createPatient">createPatient</a></td>
<td>1</td>
<td>0</td>
<td>1</td>
<td>0</td>
<td>0%</td>
<td>0.031 s</td></tr></table></section><br /></section><section><a id="Test_Cases"></a>
<h2><a name="Test_Cases"></a>Test Cases</h2>
<p>[<a href="#Summary">Summary</a>] [<a href="#Package_List">Package List</a>] [<a href="#Test_Cases">Test Cases</a>]</p><section><a id="UiRegressionTests.WebTests.DoctorDashboradTests.HyCareDoctorDashboardTests.createPatient"></a>
<h3><a name="createPatient"></a>createPatient</h3>
<table border="0" class="bodyTable">
<tr class="a">
<td align="left"><a href="#UiRegressionTests.WebTests.DoctorDashboradTests.HyCareDoctorDashboardTests.createPatient.shouldVerifyThatTheDoctorCanCreatePatientSuccessfully"><img src="images/icon_error_sml.gif" alt="" /></a></td>
<td><a id="TC_UiRegressionTests.WebTests.DoctorDashboradTests.HyCareDoctorDashboardTests.createPatient.shouldVerifyThatTheDoctorCanCreatePatientSuccessfully"></a><a href="#UiRegressionTests.WebTests.DoctorDashboradTests.HyCareDoctorDashboardTests.createPatient.shouldVerifyThatTheDoctorCanCreatePatientSuccessfully">shouldVerifyThatTheDoctorCanCreatePatientSuccessfully</a>
<div class="detailToggle" style="display:inline"><a href="javascript:toggleDisplay('UiRegressionTests.WebTests.DoctorDashboradTests.HyCareDoctorDashboardTests.createPatient.shouldVerifyThatTheDoctorCanCreatePatientSuccessfully');"><span style="display:inline;" id="UiRegressionTests.WebTests.DoctorDashboradTests.HyCareDoctorDashboardTests.createPatient.shouldVerifyThatTheDoctorCanCreatePatientSuccessfully-off"> + </span><span style="display:none;" id="UiRegressionTests.WebTests.DoctorDashboradTests.HyCareDoctorDashboardTests.createPatient.shouldVerifyThatTheDoctorCanCreatePatientSuccessfully-on"> - </span>[ Detail ]</a></div></td>
<td>0.047 s</td></tr>
<tr class="b">
<td align="left">-</td>
<td>no such element: Unable to locate element: {&quot;method&quot;:&quot;css selector&quot;,&quot;selector&quot;:&quot;#username&quot;}
  (Session info: chrome=120.0.6099.71)
For documentation on this error, please visit: https://www.selenium.dev/documentation/webdriver/troubleshooting/errors#no-such-element-exception
Build info: version: '4.16.1', revision: '9b4c83354e'
System info: os.name: 'Windows 10', os.arch: 'amd64', os.version: '10.0', java.version: '17.0.7'
Driver info: org.openqa.selenium.chrome.ChromeDriver
Command: [3880ae73748da30abb921a904e7014a3, findElement {using=id, value=username}]
Capabilities {acceptInsecureCerts: false, browserName: chrome, browserVersion: 120.0.6099.71, chrome: {chromedriverVersion: 120.0.6099.71 (9729082fe617..., userDataDir: C:\Users\Admin\AppData\Loca...}, fedcm:accounts: true, goog:chromeOptions: {debuggerAddress: localhost:52035}, networkConnectionEnabled: false, pageLoadStrategy: normal, platformName: windows, proxy: Proxy(), se:cdp: ws://localhost:52035/devtoo..., se:cdpVersion: 120.0.6099.71, setWindowRect: true, strictFileInteractability: false, timeouts: {implicit: 0, pageLoad: 300000, script: 30000}, unhandledPromptBehavior: dismiss and notify, webauthn:extension:credBlob: true, webauthn:extension:largeBlob: true, webauthn:extension:minPinLength: true, webauthn:extension:prf: true, webauthn:virtualAuthenticators: true}
Session ID: 3880ae73748da30abb921a904e7014a3</td>
<td>-</td></tr>
<tr class="a" id="UiRegressionTests.WebTests.DoctorDashboradTests.HyCareDoctorDashboardTests.createPatient.shouldVerifyThatTheDoctorCanCreatePatientSuccessfully-failure" style="display:none;">
<td align="left">-</td>
<td>
<div class="source">
<pre>org.openqa.selenium.NoSuchElementException: 
no such element: Unable to locate element: {&quot;method&quot;:&quot;css selector&quot;,&quot;selector&quot;:&quot;#username&quot;}
  (Session info: chrome=120.0.6099.71)
For documentation on this error, please visit: https://www.selenium.dev/documentation/webdriver/troubleshooting/errors#no-such-element-exception
Build info: version: '4.16.1', revision: '9b4c83354e'
System info: os.name: 'Windows 10', os.arch: 'amd64', os.version: '10.0', java.version: '17.0.7'
Driver info: org.openqa.selenium.chrome.ChromeDriver
Command: [3880ae73748da30abb921a904e7014a3, findElement {using=id, value=username}]
Capabilities {acceptInsecureCerts: false, browserName: chrome, browserVersion: 120.0.6099.71, chrome: {chromedriverVersion: 120.0.6099.71 (9729082fe617..., userDataDir: C:\Users\Admin\AppData\Loca...}, fedcm:accounts: true, goog:chromeOptions: {debuggerAddress: localhost:52035}, networkConnectionEnabled: false, pageLoadStrategy: normal, platformName: windows, proxy: Proxy(), se:cdp: ws://localhost:52035/devtoo..., se:cdpVersion: 120.0.6099.71, setWindowRect: true, strictFileInteractability: false, timeouts: {implicit: 0, pageLoad: 300000, script: 30000}, unhandledPromptBehavior: dismiss and notify, webauthn:extension:credBlob: true, webauthn:extension:largeBlob: true, webauthn:extension:minPinLength: true, webauthn:extension:prf: true, webauthn:virtualAuthenticators: true}
Session ID: 3880ae73748da30abb921a904e7014a3
	at UiRegressionTests.WebTests.DoctorDashboradTests.HyCareDoctorDashboardTests.createPatient.shouldVerifyThatTheDoctorCanCreatePatientSuccessfully(createPatient.java:21)
</pre></div></td>
<td>-</td></tr></table></section><section><a id="UiRegressionTests.WebTests.DoctorDashboradTests.SalutaDoctorDashboardTests.createPatient"></a>
<h3><a name="createPatient"></a>createPatient</h3>
<table border="0" class="bodyTable">
<tr class="a">
<td align="left"><a href="#UiRegressionTests.WebTests.DoctorDashboradTests.SalutaDoctorDashboardTests.createPatient.shouldVerifyThatTheDoctorCanCreatePatientSuccessfully"><img src="images/icon_error_sml.gif" alt="" /></a></td>
<td><a id="TC_UiRegressionTests.WebTests.DoctorDashboradTests.SalutaDoctorDashboardTests.createPatient.shouldVerifyThatTheDoctorCanCreatePatientSuccessfully"></a><a href="#UiRegressionTests.WebTests.DoctorDashboradTests.SalutaDoctorDashboardTests.createPatient.shouldVerifyThatTheDoctorCanCreatePatientSuccessfully">shouldVerifyThatTheDoctorCanCreatePatientSuccessfully</a>
<div class="detailToggle" style="display:inline"><a href="javascript:toggleDisplay('UiRegressionTests.WebTests.DoctorDashboradTests.SalutaDoctorDashboardTests.createPatient.shouldVerifyThatTheDoctorCanCreatePatientSuccessfully');"><span style="display:inline;" id="UiRegressionTests.WebTests.DoctorDashboradTests.SalutaDoctorDashboardTests.createPatient.shouldVerifyThatTheDoctorCanCreatePatientSuccessfully-off"> + </span><span style="display:none;" id="UiRegressionTests.WebTests.DoctorDashboradTests.SalutaDoctorDashboardTests.createPatient.shouldVerifyThatTheDoctorCanCreatePatientSuccessfully-on"> - </span>[ Detail ]</a></div></td>
<td>0.031 s</td></tr>
<tr class="b">
<td align="left">-</td>
<td>no such element: Unable to locate element: {&quot;method&quot;:&quot;css selector&quot;,&quot;selector&quot;:&quot;#username&quot;}
  (Session info: chrome=120.0.6099.71)
For documentation on this error, please visit: https://www.selenium.dev/documentation/webdriver/troubleshooting/errors#no-such-element-exception
Build info: version: '4.16.1', revision: '9b4c83354e'
System info: os.name: 'Windows 10', os.arch: 'amd64', os.version: '10.0', java.version: '17.0.7'
Driver info: org.openqa.selenium.chrome.ChromeDriver
Command: [6ed322cf834e35f2638e3cb21450f661, findElement {using=id, value=username}]
Capabilities {acceptInsecureCerts: false, browserName: chrome, browserVersion: 120.0.6099.71, chrome: {chromedriverVersion: 120.0.6099.71 (9729082fe617..., userDataDir: C:\Users\Admin\AppData\Loca...}, fedcm:accounts: true, goog:chromeOptions: {debuggerAddress: localhost:52059}, networkConnectionEnabled: false, pageLoadStrategy: normal, platformName: windows, proxy: Proxy(), se:cdp: ws://localhost:52059/devtoo..., se:cdpVersion: 120.0.6099.71, setWindowRect: true, strictFileInteractability: false, timeouts: {implicit: 0, pageLoad: 300000, script: 30000}, unhandledPromptBehavior: dismiss and notify, webauthn:extension:credBlob: true, webauthn:extension:largeBlob: true, webauthn:extension:minPinLength: true, webauthn:extension:prf: true, webauthn:virtualAuthenticators: true}
Session ID: 6ed322cf834e35f2638e3cb21450f661</td>
<td>-</td></tr>
<tr class="a" id="UiRegressionTests.WebTests.DoctorDashboradTests.SalutaDoctorDashboardTests.createPatient.shouldVerifyThatTheDoctorCanCreatePatientSuccessfully-failure" style="display:none;">
<td align="left">-</td>
<td>
<div class="source">
<pre>org.openqa.selenium.NoSuchElementException: 
no such element: Unable to locate element: {&quot;method&quot;:&quot;css selector&quot;,&quot;selector&quot;:&quot;#username&quot;}
  (Session info: chrome=120.0.6099.71)
For documentation on this error, please visit: https://www.selenium.dev/documentation/webdriver/troubleshooting/errors#no-such-element-exception
Build info: version: '4.16.1', revision: '9b4c83354e'
System info: os.name: 'Windows 10', os.arch: 'amd64', os.version: '10.0', java.version: '17.0.7'
Driver info: org.openqa.selenium.chrome.ChromeDriver
Command: [6ed322cf834e35f2638e3cb21450f661, findElement {using=id, value=username}]
Capabilities {acceptInsecureCerts: false, browserName: chrome, browserVersion: 120.0.6099.71, chrome: {chromedriverVersion: 120.0.6099.71 (9729082fe617..., userDataDir: C:\Users\Admin\AppData\Loca...}, fedcm:accounts: true, goog:chromeOptions: {debuggerAddress: localhost:52059}, networkConnectionEnabled: false, pageLoadStrategy: normal, platformName: windows, proxy: Proxy(), se:cdp: ws://localhost:52059/devtoo..., se:cdpVersion: 120.0.6099.71, setWindowRect: true, strictFileInteractability: false, timeouts: {implicit: 0, pageLoad: 300000, script: 30000}, unhandledPromptBehavior: dismiss and notify, webauthn:extension:credBlob: true, webauthn:extension:largeBlob: true, webauthn:extension:minPinLength: true, webauthn:extension:prf: true, webauthn:virtualAuthenticators: true}
Session ID: 6ed322cf834e35f2638e3cb21450f661
	at UiRegressionTests.WebTests.DoctorDashboradTests.SalutaDoctorDashboardTests.createPatient.shouldVerifyThatTheDoctorCanCreatePatientSuccessfully(createPatient.java:19)
</pre></div></td>
<td>-</td></tr></table></section><br /></section><section><a id="Failure_Details"></a>
<h2><a name="Failure_Details"></a>Failure Details</h2>
<p>[<a href="#Summary">Summary</a>] [<a href="#Package_List">Package List</a>] [<a href="#Test_Cases">Test Cases</a>]</p><br />
<table border="0" class="bodyTable">
<tr class="a">
<td align="left"><img src="images/icon_error_sml.gif" alt="" /></td>
<td><a id="UiRegressionTests.WebTests.DoctorDashboradTests.HyCareDoctorDashboardTests.createPatient.shouldVerifyThatTheDoctorCanCreatePatientSuccessfully"></a>shouldVerifyThatTheDoctorCanCreatePatientSuccessfully</td></tr>
<tr class="b">
<td align="left">-</td>
<td>org.openqa.selenium.NoSuchElementException: no such element: Unable to locate element: {&quot;method&quot;:&quot;css selector&quot;,&quot;selector&quot;:&quot;#username&quot;}
  (Session info: chrome=120.0.6099.71)
For documentation on this error, please visit: https://www.selenium.dev/documentation/webdriver/troubleshooting/errors#no-such-element-exception
Build info: version: '4.16.1', revision: '9b4c83354e'
System info: os.name: 'Windows 10', os.arch: 'amd64', os.version: '10.0', java.version: '17.0.7'
Driver info: org.openqa.selenium.chrome.ChromeDriver
Command: [3880ae73748da30abb921a904e7014a3, findElement {using=id, value=username}]
Capabilities {acceptInsecureCerts: false, browserName: chrome, browserVersion: 120.0.6099.71, chrome: {chromedriverVersion: 120.0.6099.71 (9729082fe617..., userDataDir: C:\Users\Admin\AppData\Loca...}, fedcm:accounts: true, goog:chromeOptions: {debuggerAddress: localhost:52035}, networkConnectionEnabled: false, pageLoadStrategy: normal, platformName: windows, proxy: Proxy(), se:cdp: ws://localhost:52035/devtoo..., se:cdpVersion: 120.0.6099.71, setWindowRect: true, strictFileInteractability: false, timeouts: {implicit: 0, pageLoad: 300000, script: 30000}, unhandledPromptBehavior: dismiss and notify, webauthn:extension:credBlob: true, webauthn:extension:largeBlob: true, webauthn:extension:minPinLength: true, webauthn:extension:prf: true, webauthn:virtualAuthenticators: true}
Session ID: 3880ae73748da30abb921a904e7014a3</td></tr>
<tr class="a">
<td align="left">-</td>
<td>
<div id="shouldVerifyThatTheDoctorCanCreatePatientSuccessfully-failure">UiRegressionTests.WebTests.DoctorDashboradTests.HyCareDoctorDashboardTests.createPatient:21</div></td></tr>
<tr class="b">
<td align="left"><img src="images/icon_error_sml.gif" alt="" /></td>
<td><a id="UiRegressionTests.WebTests.DoctorDashboradTests.SalutaDoctorDashboardTests.createPatient.shouldVerifyThatTheDoctorCanCreatePatientSuccessfully"></a>shouldVerifyThatTheDoctorCanCreatePatientSuccessfully</td></tr>
<tr class="a">
<td align="left">-</td>
<td>org.openqa.selenium.NoSuchElementException: no such element: Unable to locate element: {&quot;method&quot;:&quot;css selector&quot;,&quot;selector&quot;:&quot;#username&quot;}
  (Session info: chrome=120.0.6099.71)
For documentation on this error, please visit: https://www.selenium.dev/documentation/webdriver/troubleshooting/errors#no-such-element-exception
Build info: version: '4.16.1', revision: '9b4c83354e'
System info: os.name: 'Windows 10', os.arch: 'amd64', os.version: '10.0', java.version: '17.0.7'
Driver info: org.openqa.selenium.chrome.ChromeDriver
Command: [6ed322cf834e35f2638e3cb21450f661, findElement {using=id, value=username}]
Capabilities {acceptInsecureCerts: false, browserName: chrome, browserVersion: 120.0.6099.71, chrome: {chromedriverVersion: 120.0.6099.71 (9729082fe617..., userDataDir: C:\Users\Admin\AppData\Loca...}, fedcm:accounts: true, goog:chromeOptions: {debuggerAddress: localhost:52059}, networkConnectionEnabled: false, pageLoadStrategy: normal, platformName: windows, proxy: Proxy(), se:cdp: ws://localhost:52059/devtoo..., se:cdpVersion: 120.0.6099.71, setWindowRect: true, strictFileInteractability: false, timeouts: {implicit: 0, pageLoad: 300000, script: 30000}, unhandledPromptBehavior: dismiss and notify, webauthn:extension:credBlob: true, webauthn:extension:largeBlob: true, webauthn:extension:minPinLength: true, webauthn:extension:prf: true, webauthn:virtualAuthenticators: true}
Session ID: 6ed322cf834e35f2638e3cb21450f661</td></tr>
<tr class="b">
<td align="left">-</td>
<td>
<div id="shouldVerifyThatTheDoctorCanCreatePatientSuccessfully-failure">UiRegressionTests.WebTests.DoctorDashboradTests.SalutaDoctorDashboardTests.createPatient:19</div></td></tr></table><br /></section>
      </div>
    </div>
    <div class="clear">
      <hr/>
    </div>
    <div id="footer">
      <div class="xright">
        Copyright &#169;      2023..      </div>
      <div class="clear">
        <hr/>
      </div>
    </div>
  </body>
</html>
